Flutter crash report.
Please report a bug at https://github.com/flutter/flutter/issues.

## command

flutter run --machine --start-paused -d chrome --devtools-server-address http://127.0.0.1:9100/ --target /Users/imac6/Desktop/demo/demo/lib/main.dart

## exception

StateError: Bad state: StreamSink is closed

```
#0      _StreamSinkImpl.add (dart:_http/http_impl.dart:919:7)
#1      _WebSocketImpl.add (dart:_http/websocket_impl.dart:1223:11)
#2      vmServiceConnectUriWithFactory.<anonymous closure> (package:vm_service/vm_service_io.dart:37:46)
#3      VmService._processRequest (package:vm_service/src/vm_service.dart:2030:18)
<asynchronous suspension>
```

## flutter doctor

```
[!] Flutter (Channel stable, 3.27.0, on macOS 12.7.4 21H1123 darwin-x64, locale en-GB)
    • Flutter version 3.27.0 on channel stable at /Volumes/HDD/flutter_sdk/flutter
    ! The flutter binary is not on your path. Consider adding /Volumes/HDD/flutter_sdk/flutter/bin to your path.
    ! The dart binary is not on your path. Consider adding /Volumes/HDD/flutter_sdk/flutter/bin to your path.
    • Upstream repository https://github.com/flutter/flutter.git
    • Framework revision 8495dee1fd (3 weeks ago), 2024-12-10 14:23:39 -0800
    • Engine revision 83bacfc525
    • Dart version 3.6.0
    • DevTools version 2.40.2
    • If those were intentional, you can disregard the above warnings; however it is recommended to use "git" directly to perform update checks and upgrades.

[✓] Android toolchain - develop for Android devices (Android SDK version 35.0.0)
    • Android SDK at /Users/imac6/Library/Android/sdk
    • Platform android-35, build-tools 35.0.0
    • Java binary at: /Volumes/HDD/Flexion_apps/Android Studio.app/Contents/jbr/Contents/Home/bin/java
    • Java version OpenJDK Runtime Environment (build 17.0.9+0-17.0.9b1087.7-11185874)
    • All Android licenses accepted.

[!] Xcode - develop for iOS and macOS (Xcode 14.2)
    • Xcode at /Applications/Xcode.app/Contents/Developer
    • Build 14C18
    ! Flutter recommends a minimum Xcode version of 15.
      Download the latest version or update via the Mac App Store.
    • CocoaPods version 1.15.2

[✓] Chrome - develop for the web
    • Chrome at /Applications/Google Chrome.app/Contents/MacOS/Google Chrome

[✓] Android Studio (version 2023.2)
    • Android Studio at /Volumes/HDD/Flexion_apps/Android Studio.app/Contents
    • Flutter plugin can be installed from:
      🔨 https://plugins.jetbrains.com/plugin/9212-flutter
    • Dart plugin can be installed from:
      🔨 https://plugins.jetbrains.com/plugin/6351-dart
    • Java version OpenJDK Runtime Environment (build 17.0.9+0-17.0.9b1087.7-11185874)

[✓] VS Code (version 1.96.0)
    • VS Code at /Applications/Visual Studio Code.app/Contents
    • Flutter extension version 3.102.0

[✓] VS Code (version 1.90.2)
    • VS Code at /Volumes/HDD/Flexion_apps/Visual Studio Code.app/Contents
    • Flutter extension version 3.102.0

[✓] Connected device (2 available)
    • macOS (desktop) • macos  • darwin-x64     • macOS 12.7.4 21H1123 darwin-x64
    • Chrome (web)    • chrome • web-javascript • Google Chrome 131.0.6778.205

[✓] Network resources
    • All expected network resources are available.

! Doctor found issues in 2 categories.
```
